2019-04-03 08:17:09.958  INFO afro-HP-ProBook-440-G5 --- [           main] .b.t.c.SpringBootTestContextBootstrapper : Neither @ContextConfiguration nor @ContextHierarchy found for test class [com.amimobenja.www.chezashares.ChezaSharesApplicationTests], using SpringBootContextLoader
2019-04-03 08:17:09.996  INFO afro-HP-ProBook-440-G5 --- [           main] o.s.t.c.s.AbstractContextLoader          : Could not detect default resource locations for test class [com.amimobenja.www.chezashares.ChezaSharesApplicationTests]: no resource found for suffixes {-context.xml, Context.groovy}.
2019-04-03 08:17:09.998  INFO afro-HP-ProBook-440-G5 --- [           main] t.c.s.AnnotationConfigContextLoaderUtils : Could not detect default configuration classes for test class [com.amimobenja.www.chezashares.ChezaSharesApplicationTests]: ChezaSharesApplicationTests does not declare any static, non-private, non-final, nested classes annotated with @Configuration.
2019-04-03 08:17:10.426  INFO afro-HP-ProBook-440-G5 --- [           main] .b.t.c.SpringBootTestContextBootstrapper : Found @SpringBootConfiguration com.amimobenja.www.chezashares.ChezaSharesApplication for test class com.amimobenja.www.chezashares.ChezaSharesApplicationTests
2019-04-03 08:17:10.616  INFO afro-HP-ProBook-440-G5 --- [           main] .b.t.c.SpringBootTestContextBootstrapper : Loaded default TestExecutionListener class names from location [META-INF/spring.factories]: [org.springframework.boot.test.mock.mockito.MockitoTestExecutionListener, org.springframework.boot.test.mock.mockito.ResetMocksTestExecutionListener, org.springframework.boot.test.autoconfigure.restdocs.RestDocsTestExecutionListener, org.springframework.boot.test.autoconfigure.web.client.MockRestServiceServerResetTestExecutionListener, org.springframework.boot.test.autoconfigure.web.servlet.MockMvcPrintOnlyOnFailureTestExecutionListener, org.springframework.boot.test.autoconfigure.web.servlet.WebDriverTestExecutionListener, org.springframework.test.context.web.ServletTestExecutionListener, org.springframework.test.context.support.DirtiesContextBeforeModesTestExecutionListener, org.springframework.test.context.support.DependencyInjectionTestExecutionListener, org.springframework.test.context.support.DirtiesContextTestExecutionListener, org.springframework.test.context.transaction.TransactionalTestExecutionListener, org.springframework.test.context.jdbc.SqlScriptsTestExecutionListener]
2019-04-03 08:17:10.653  INFO afro-HP-ProBook-440-G5 --- [           main] .b.t.c.SpringBootTestContextBootstrapper : Using TestExecutionListeners: [org.springframework.test.context.web.ServletTestExecutionListener@41f69e84, org.springframework.test.context.support.DirtiesContextBeforeModesTestExecutionListener@7975d1d8, org.springframework.boot.test.mock.mockito.MockitoTestExecutionListener@2438dcd, org.springframework.boot.test.autoconfigure.SpringBootDependencyInjectionTestExecutionListener@24105dc5, org.springframework.test.context.support.DirtiesContextTestExecutionListener@5167f57d, org.springframework.test.context.transaction.TransactionalTestExecutionListener@64b0598, org.springframework.test.context.jdbc.SqlScriptsTestExecutionListener@18f8cd79, org.springframework.boot.test.mock.mockito.ResetMocksTestExecutionListener@3e2055d6, org.springframework.boot.test.autoconfigure.restdocs.RestDocsTestExecutionListener@50029372, org.springframework.boot.test.autoconfigure.web.client.MockRestServiceServerResetTestExecutionListener@e3b3b2f, org.springframework.boot.test.autoconfigure.web.servlet.MockMvcPrintOnlyOnFailureTestExecutionListener@50f6ac94, org.springframework.boot.test.autoconfigure.web.servlet.WebDriverTestExecutionListener@6cc4cdb9]
2019-04-03 08:17:11.445  INFO afro-HP-ProBook-440-G5 --- [           main] c.a.w.c.ChezaSharesApplicationTests      : Starting ChezaSharesApplicationTests on afro-HP-ProBook-440-G5 with PID 9942 (started by afro in /media/afro/TKL1/Telkom/Projects/cheza/cheza-shares)
2019-04-03 08:17:11.447 DEBUG afro-HP-ProBook-440-G5 --- [           main] c.a.w.c.ChezaSharesApplicationTests      : Running with Spring Boot v2.1.3.RELEASE, Spring v5.1.5.RELEASE
2019-04-03 08:17:11.448  INFO afro-HP-ProBook-440-G5 --- [           main] c.a.w.c.ChezaSharesApplicationTests      : No active profile set, falling back to default profiles: default
2019-04-03 08:17:13.333  INFO afro-HP-ProBook-440-G5 --- [           main] .s.d.r.c.RepositoryConfigurationDelegate : Bootstrapping Spring Data repositories in DEFAULT mode.
2019-04-03 08:17:13.375  INFO afro-HP-ProBook-440-G5 --- [           main] .s.d.r.c.RepositoryConfigurationDelegate : Finished Spring Data repository scanning in 19ms. Found 0 repository interfaces.
2019-04-03 08:17:13.815  INFO afro-HP-ProBook-440-G5 --- [           main] trationDelegate$BeanPostProcessorChecker : Bean 'org.springframework.transaction.annotation.ProxyTransactionManagementConfiguration' of type [org.springframework.transaction.annotation.ProxyTransactionManagementConfiguration$$EnhancerBySpringCGLIB$$d5b84128] is not eligible for getting processed by all BeanPostProcessors (for example: not eligible for auto-proxying)
2019-04-03 08:17:14.217  INFO afro-HP-ProBook-440-G5 --- [           main] c.z.h.HikariDataSource                   : HikariPool-1 - Starting...
2019-04-03 08:17:14.568  INFO afro-HP-ProBook-440-G5 --- [           main] c.z.h.HikariDataSource                   : HikariPool-1 - Start completed.
2019-04-03 08:17:14.826  INFO afro-HP-ProBook-440-G5 --- [           main] o.h.j.i.u.LogHelper                      : HHH000204: Processing PersistenceUnitInfo [
	name: default
	...]
2019-04-03 08:17:14.979  INFO afro-HP-ProBook-440-G5 --- [           main] o.h.Version                              : HHH000412: Hibernate Core {5.3.7.Final}
2019-04-03 08:17:14.982  INFO afro-HP-ProBook-440-G5 --- [           main] o.h.c.Environment                        : HHH000206: hibernate.properties not found
2019-04-03 08:17:15.408  INFO afro-HP-ProBook-440-G5 --- [           main] o.h.a.c.Version                          : HCANN000001: Hibernate Commons Annotations {5.0.4.Final}
2019-04-03 08:17:15.652  INFO afro-HP-ProBook-440-G5 --- [           main] o.h.d.Dialect                            : HHH000400: Using dialect: org.hibernate.dialect.PostgreSQL95Dialect
2019-04-03 08:17:15.821  INFO afro-HP-ProBook-440-G5 --- [           main] o.h.e.j.e.i.LobCreatorBuilderImpl        : HHH000421: Disabling contextual LOB creation as hibernate.jdbc.lob.non_contextual_creation is true
2019-04-03 08:17:15.826  INFO afro-HP-ProBook-440-G5 --- [           main] o.h.t.BasicTypeRegistry                  : HHH000270: Type registration [java.util.UUID] overrides previous : org.hibernate.type.UUIDBinaryType@bf75b5c
2019-04-03 08:17:16.680  WARN afro-HP-ProBook-440-G5 --- [           main] o.h.e.j.s.SqlExceptionHelper             : SQL Warning Code: 0, SQLState: 00000
2019-04-03 08:17:16.680  WARN afro-HP-ProBook-440-G5 --- [           main] o.h.e.j.s.SqlExceptionHelper             : table "subscribers" does not exist, skipping
2019-04-03 08:17:16.681  WARN afro-HP-ProBook-440-G5 --- [           main] o.h.e.j.s.SqlExceptionHelper             : SQL Warning Code: 0, SQLState: 00000
2019-04-03 08:17:16.681  WARN afro-HP-ProBook-440-G5 --- [           main] o.h.e.j.s.SqlExceptionHelper             : sequence "hibernate_sequence" does not exist, skipping
2019-04-03 08:17:16.915  INFO afro-HP-ProBook-440-G5 --- [           main] o.h.t.s.i.SchemaCreatorImpl              : HHH000476: Executing import script 'org.hibernate.tool.schema.internal.exec.ScriptSourceInputNonExistentImpl@5b742bc8'
2019-04-03 08:17:16.934  INFO afro-HP-ProBook-440-G5 --- [           main] j.LocalContainerEntityManagerFactoryBean : Initialized JPA EntityManagerFactory for persistence unit 'default'
2019-04-03 08:17:18.069  INFO afro-HP-ProBook-440-G5 --- [           main] o.s.s.c.ThreadPoolTaskExecutor           : Initializing ExecutorService 'applicationTaskExecutor'
2019-04-03 08:17:18.157  WARN afro-HP-ProBook-440-G5 --- [           main] aWebConfiguration$JpaWebMvcConfiguration : spring.jpa.open-in-view is enabled by default. Therefore, database queries may be performed during view rendering. Explicitly configure spring.jpa.open-in-view to disable this warning
2019-04-03 08:17:18.718  INFO afro-HP-ProBook-440-G5 --- [           main] c.a.w.c.ChezaSharesApplicationTests      : Started ChezaSharesApplicationTests in 7.94 seconds (JVM running for 10.353)
2019-04-03 08:17:18.897  INFO afro-HP-ProBook-440-G5 --- [       Thread-4] o.s.s.c.ThreadPoolTaskExecutor           : Shutting down ExecutorService 'applicationTaskExecutor'
2019-04-03 08:17:18.898  INFO afro-HP-ProBook-440-G5 --- [       Thread-4] j.LocalContainerEntityManagerFactoryBean : Closing JPA EntityManagerFactory for persistence unit 'default'
2019-04-03 08:17:18.903  INFO afro-HP-ProBook-440-G5 --- [       Thread-4] c.z.h.HikariDataSource                   : HikariPool-1 - Shutdown initiated...
2019-04-03 08:17:18.916  INFO afro-HP-ProBook-440-G5 --- [       Thread-4] c.z.h.HikariDataSource                   : HikariPool-1 - Shutdown completed.
